corpus.txt Wed 04 May 2022 05:36:50 PM EDT	28/28	1
corpus.txt Wed 04 May 2022 05:37:00 PM EDT	0/0	Error 10002
lkt.sentences.txt Wed 04 May 2022 05:38:02 PM EDT	0/0	Error 10002
corpus.txt Fri 06 May 2022 10:44:07 AM EDT	28/28	1
corpus.txt Fri 06 May 2022 10:44:42 AM EDT	0/0	Error 10002
lkt.corpus Fri 06 May 2022 10:45:28 AM EDT	0/0	Error 10002
lkt.corpus Fri 06 May 2022 11:05:38 AM EDT	320/2390	~0.13389121338912133891
lkt.corpus Fri 06 May 2022 11:07:41 AM EDT	0/0	Error 10002
lkt.sentences.txt Fri 06 May 2022 11:08:08 AM EDT	1/1	1
lkt.corpus Fri 06 May 2022 11:08:12 AM EDT	0/0	Error 10002
lkt.corpus Fri 06 May 2022 11:08:15 AM EDT	0/0	Error 10002
lkt.corpus Fri 06 May 2022 11:08:19 AM EDT	320/2390	~0.13389121338912133891
lkt.corpus Fri 06 May 2022 11:08:22 AM EDT	320/2390	~0.13389121338912133891
lkt.sentences.txt Fri 06 May 2022 11:09:49 AM EDT	122/611	~0.19967266775777414075
lkt.corpus Fri 06 May 2022 11:11:16 AM EDT	320/2390	~0.13389121338912133891
lkt.sentences.txt Fri 06 May 2022 11:11:42 AM EDT	122/611	~0.19967266775777414075
lkt.sentences.txt Fri 06 May 2022 11:13:51 AM EDT	122/611	~0.19967266775777414075
lkt.sentences.txt Fri 06 May 2022 11:19:42 AM EDT	122/611	~0.19967266775777414075
lkt.sentences.txt Fri 06 May 2022 11:24:29 AM EDT	122/611	~0.19967266775777414075
lkt.sentences.txt Fri 06 May 2022 08:11:18 PM EDT	162/610	~0.26557377049180327869
lkt.corpus Fri 06 May 2022 08:12:05 PM EDT	394/2390	~0.16485355648535564854
